This is pdfTeX, Version 3.141592653-2.6-1.40.26 (TeX Live 2024) (preloaded format=pdflatex 2024.6.18)  18 AUG 2025 02:46
entering extended mode
 restricted \write18 enabled.
 %&-line parsing enabled.
**ml_explainers.tex
(./ml_explainers.tex
LaTeX2e <2023-11-01> patch level 1
L3 programming layer <2024-02-20>
(/usr/local/texlive/2024/texmf-dist/tex/latex/base/article.cls
Document Class: article 2023/05/17 v1.4n Standard LaTeX document class
(/usr/local/texlive/2024/texmf-dist/tex/latex/base/size11.clo
File: size11.clo 2023/05/17 v1.4n Standard LaTeX file (size option)
)
\c@part=\count188
\c@section=\count189
\c@subsection=\count190
\c@subsubsection=\count191
\c@paragraph=\count192
\c@subparagraph=\count193
\c@figure=\count194
\c@table=\count195
\abovecaptionskip=\skip48
\belowcaptionskip=\skip49
\bibindent=\dimen140
) (./header.tex (/usr/local/texlive/2024/texmf-dist/tex/latex/amsfonts/amsfonts.sty
Package: amsfonts 2013/01/14 v3.01 Basic AMSFonts support
\@emptytoks=\toks17
\symAMSa=\mathgroup4
\symAMSb=\mathgroup5
LaTeX Font Info:    Redeclaring math symbol \hbar on input line 98.
LaTeX Font Info:    Overwriting math alphabet `\mathfrak' in version `bold'
(Font)                  U/euf/m/n --> U/euf/b/n on input line 106.
) (/usr/local/texlive/2024/texmf-dist/tex/latex/amsmath/amsmath.sty
Package: amsmath 2023/05/13 v2.17o AMS math features
\@mathmargin=\skip50

For additional information on amsmath, use the `?' option.
(/usr/local/texlive/2024/texmf-dist/tex/latex/amsmath/amstext.sty
Package: amstext 2021/08/26 v2.01 AMS text
 (/usr/local/texlive/2024/texmf-dist/tex/latex/amsmath/amsgen.sty
File: amsgen.sty 1999/11/30 v2.0 generic functions
\@emptytoks=\toks18
\ex@=\dimen141
)) (/usr/local/texlive/2024/texmf-dist/tex/latex/amsmath/amsbsy.sty
Package: amsbsy 1999/11/29 v1.2d Bold Symbols
\pmbraise@=\dimen142
) (/usr/local/texlive/2024/texmf-dist/tex/latex/amsmath/amsopn.sty
Package: amsopn 2022/04/08 v2.04 operator names
)
\inf@bad=\count196
LaTeX Info: Redefining \frac on input line 234.
\uproot@=\count197
\leftroot@=\count198
LaTeX Info: Redefining \overline on input line 399.
LaTeX Info: Redefining \colon on input line 410.
\classnum@=\count199
\DOTSCASE@=\count266
LaTeX Info: Redefining \ldots on input line 496.
LaTeX Info: Redefining \dots on input line 499.
LaTeX Info: Redefining \cdots on input line 620.
\Mathstrutbox@=\box51
\strutbox@=\box52
LaTeX Info: Redefining \big on input line 722.
LaTeX Info: Redefining \Big on input line 723.
LaTeX Info: Redefining \bigg on input line 724.
LaTeX Info: Redefining \Bigg on input line 725.
\big@size=\dimen143
LaTeX Font Info:    Redeclaring font encoding OML on input line 743.
LaTeX Font Info:    Redeclaring font encoding OMS on input line 744.
\macc@depth=\count267
LaTeX Info: Redefining \bmod on input line 905.
LaTeX Info: Redefining \pmod on input line 910.
LaTeX Info: Redefining \smash on input line 940.
LaTeX Info: Redefining \relbar on input line 970.
LaTeX Info: Redefining \Relbar on input line 971.
\c@MaxMatrixCols=\count268
\dotsspace@=\muskip16
\c@parentequation=\count269
\dspbrk@lvl=\count270
\tag@help=\toks19
\row@=\count271
\column@=\count272
\maxfields@=\count273
\andhelp@=\toks20
\eqnshift@=\dimen144
\alignsep@=\dimen145
\tagshift@=\dimen146
\tagwidth@=\dimen147
\totwidth@=\dimen148
\lineht@=\dimen149
\@envbody=\toks21
\multlinegap=\skip51
\multlinetaggap=\skip52
\mathdisplay@stack=\toks22
LaTeX Info: Redefining \[ on input line 2953.
LaTeX Info: Redefining \] on input line 2954.
) (/usr/local/texlive/2024/texmf-dist/tex/latex/amsfonts/amssymb.sty
Package: amssymb 2013/01/14 v3.01 AMS font symbols
) (/usr/local/texlive/2024/texmf-dist/tex/latex/appendix/appendix.sty
Package: appendix 2020/02/08 v1.2c extra appendix facilities
\c@@pps=\count274
\c@@ppsavesec=\count275
\c@@ppsaveapp=\count276
) (/usr/local/texlive/2024/texmf-dist/tex/latex/float/float.sty
Package: float 2001/11/08 v1.3d Float enhancements (AL)
\c@float@type=\count277
\float@exts=\toks23
\float@box=\box53
\@float@everytoks=\toks24
\@floatcapt=\box54
) (/usr/local/texlive/2024/texmf-dist/tex/latex/hyperref/hyperref.sty
Package: hyperref 2024-01-20 v7.01h Hypertext links for LaTeX
 (/usr/local/texlive/2024/texmf-dist/tex/generic/iftex/iftex.sty
Package: iftex 2022/02/03 v1.0f TeX engine tests
) (/usr/local/texlive/2024/texmf-dist/tex/latex/graphics/keyval.sty
Package: keyval 2022/05/29 v1.15 key=value parser (DPC)
\KV@toks@=\toks25
) (/usr/local/texlive/2024/texmf-dist/tex/latex/kvsetkeys/kvsetkeys.sty
Package: kvsetkeys 2022-10-05 v1.19 Key value parser (HO)
) (/usr/local/texlive/2024/texmf-dist/tex/generic/kvdefinekeys/kvdefinekeys.sty
Package: kvdefinekeys 2019-12-19 v1.6 Define keys (HO)
) (/usr/local/texlive/2024/texmf-dist/tex/generic/pdfescape/pdfescape.sty
Package: pdfescape 2019/12/09 v1.15 Implements pdfTeX's escape features (HO)
 (/usr/local/texlive/2024/texmf-dist/tex/generic/ltxcmds/ltxcmds.sty
Package: ltxcmds 2023-12-04 v1.26 LaTeX kernel commands for general use (HO)
) (/usr/local/texlive/2024/texmf-dist/tex/generic/pdftexcmds/pdftexcmds.sty
Package: pdftexcmds 2020-06-27 v0.33 Utility functions of pdfTeX for LuaTeX (HO)
 (/usr/local/texlive/2024/texmf-dist/tex/generic/infwarerr/infwarerr.sty
Package: infwarerr 2019/12/03 v1.5 Providing info/warning/error messages (HO)
)
Package pdftexcmds Info: \pdf@primitive is available.
Package pdftexcmds Info: \pdf@ifprimitive is available.
Package pdftexcmds Info: \pdfdraftmode found.
)) (/usr/local/texlive/2024/texmf-dist/tex/latex/hycolor/hycolor.sty
Package: hycolor 2020-01-27 v1.10 Color options for hyperref/bookmark (HO)
) (/usr/local/texlive/2024/texmf-dist/tex/latex/auxhook/auxhook.sty
Package: auxhook 2019-12-17 v1.6 Hooks for auxiliary files (HO)
) (/usr/local/texlive/2024/texmf-dist/tex/latex/hyperref/nameref.sty
Package: nameref 2023-11-26 v2.56 Cross-referencing by name of section
 (/usr/local/texlive/2024/texmf-dist/tex/latex/refcount/refcount.sty
Package: refcount 2019/12/15 v3.6 Data extraction from label references (HO)
) (/usr/local/texlive/2024/texmf-dist/tex/generic/gettitlestring/gettitlestring.sty
Package: gettitlestring 2019/12/15 v1.6 Cleanup title references (HO)
 (/usr/local/texlive/2024/texmf-dist/tex/latex/kvoptions/kvoptions.sty
Package: kvoptions 2022-06-15 v3.15 Key value format for package options (HO)
))
\c@section@level=\count278
) (/usr/local/texlive/2024/texmf-dist/tex/latex/etoolbox/etoolbox.sty
Package: etoolbox 2020/10/05 v2.5k e-TeX tools for LaTeX (JAW)
\etb@tempcnta=\count279
)
\@linkdim=\dimen150
\Hy@linkcounter=\count280
\Hy@pagecounter=\count281
 (/usr/local/texlive/2024/texmf-dist/tex/latex/hyperref/pd1enc.def
File: pd1enc.def 2024-01-20 v7.01h Hyperref: PDFDocEncoding definition (HO)
Now handling font encoding PD1 ...
... no UTF-8 mapping file for font encoding PD1
) (/usr/local/texlive/2024/texmf-dist/tex/generic/intcalc/intcalc.sty
Package: intcalc 2019/12/15 v1.3 Expandable calculations with integers (HO)
)
\Hy@SavedSpaceFactor=\count282
 (/usr/local/texlive/2024/texmf-dist/tex/latex/hyperref/puenc.def
File: puenc.def 2024-01-20 v7.01h Hyperref: PDF Unicode definition (HO)
Now handling font encoding PU ...
... no UTF-8 mapping file for font encoding PU
)
Package hyperref Info: Hyper figures OFF on input line 4179.
Package hyperref Info: Link nesting OFF on input line 4184.
Package hyperref Info: Hyper index ON on input line 4187.
Package hyperref Info: Plain pages OFF on input line 4194.
Package hyperref Info: Backreferencing OFF on input line 4199.
Package hyperref Info: Implicit mode ON; LaTeX internals redefined.
Package hyperref Info: Bookmarks ON on input line 4446.
\c@Hy@tempcnt=\count283
 (/usr/local/texlive/2024/texmf-dist/tex/latex/url/url.sty
\Urlmuskip=\muskip17
Package: url 2013/09/16  ver 3.4  Verb mode for urls, etc.
)
LaTeX Info: Redefining \url on input line 4784.
\XeTeXLinkMargin=\dimen151
 (/usr/local/texlive/2024/texmf-dist/tex/generic/bitset/bitset.sty
Package: bitset 2019/12/09 v1.3 Handle bit-vector datatype (HO)
 (/usr/local/texlive/2024/texmf-dist/tex/generic/bigintcalc/bigintcalc.sty
Package: bigintcalc 2019/12/15 v1.5 Expandable calculations on big integers (HO)
))
\Fld@menulength=\count284
\Field@Width=\dimen152
\Fld@charsize=\dimen153
Package hyperref Info: Hyper figures OFF on input line 6063.
Package hyperref Info: Link nesting OFF on input line 6068.
Package hyperref Info: Hyper index ON on input line 6071.
Package hyperref Info: backreferencing OFF on input line 6078.
Package hyperref Info: Link coloring OFF on input line 6083.
Package hyperref Info: Link coloring with OCG OFF on input line 6088.
Package hyperref Info: PDF/A mode OFF on input line 6093.
 (/usr/local/texlive/2024/texmf-dist/tex/latex/base/atbegshi-ltx.sty
Package: atbegshi-ltx 2021/01/10 v1.0c Emulation of the original atbegshi
package with kernel methods
)
\Hy@abspage=\count285
\c@Item=\count286
\c@Hfootnote=\count287
)
Package hyperref Info: Driver (autodetected): hpdftex.
 (/usr/local/texlive/2024/texmf-dist/tex/latex/hyperref/hpdftex.def
File: hpdftex.def 2024-01-20 v7.01h Hyperref driver for pdfTeX
 (/usr/local/texlive/2024/texmf-dist/tex/latex/base/atveryend-ltx.sty
Package: atveryend-ltx 2020/08/19 v1.0a Emulation of the original atveryend package
with kernel methods
)
\Fld@listcount=\count288
\c@bookmark@seq@number=\count289
 (/usr/local/texlive/2024/texmf-dist/tex/latex/rerunfilecheck/rerunfilecheck.sty
Package: rerunfilecheck 2022-07-10 v1.10 Rerun checks for auxiliary files (HO)
 (/usr/local/texlive/2024/texmf-dist/tex/generic/uniquecounter/uniquecounter.sty
Package: uniquecounter 2019/12/15 v1.4 Provide unlimited unique counter (HO)
)
Package uniquecounter Info: New unique counter `rerunfilecheck' on input line 285.
)
\Hy@SectionHShift=\skip53
) (/usr/local/texlive/2024/texmf-dist/tex/latex/base/inputenc.sty
Package: inputenc 2021/02/14 v1.3d Input encoding file
\inpenc@prehook=\toks26
\inpenc@posthook=\toks27
) (/usr/local/texlive/2024/texmf-dist/tex/latex/setspace/setspace.sty
Package: setspace 2022/12/04 v6.7b set line spacing
) (/usr/local/texlive/2024/texmf-dist/tex/latex/geometry/geometry.sty
Package: geometry 2020/01/02 v5.9 Page Geometry
 (/usr/local/texlive/2024/texmf-dist/tex/generic/iftex/ifvtex.sty
Package: ifvtex 2019/10/25 v1.7 ifvtex legacy package. Use iftex instead.
)
\Gm@cnth=\count290
\Gm@cntv=\count291
\c@Gm@tempcnt=\count292
\Gm@bindingoffset=\dimen154
\Gm@wd@mp=\dimen155
\Gm@odd@mp=\dimen156
\Gm@even@mp=\dimen157
\Gm@layoutwidth=\dimen158
\Gm@layoutheight=\dimen159
\Gm@layouthoffset=\dimen160
\Gm@layoutvoffset=\dimen161
\Gm@dimlist=\toks28
)
\DX=\skip54
\DY=\skip55
 (/usr/local/texlive/2024/texmf-dist/tex/latex/bbm-macros/bbm.sty
Package: bbm 1999/03/15 V 1.2 provides fonts for set symbols - TH
LaTeX Font Info:    Overwriting math alphabet `\mathbbm' in version `bold'
(Font)                  U/bbm/m/n --> U/bbm/bx/n on input line 33.
LaTeX Font Info:    Overwriting math alphabet `\mathbbmss' in version `bold'
(Font)                  U/bbmss/m/n --> U/bbmss/bx/n on input line 35.
) (/usr/local/texlive/2024/texmf-dist/tex/latex/graphics/graphicx.sty
Package: graphicx 2021/09/16 v1.2d Enhanced LaTeX Graphics (DPC,SPQR)
 (/usr/local/texlive/2024/texmf-dist/tex/latex/graphics/graphics.sty
Package: graphics 2022/03/10 v1.4e Standard LaTeX Graphics (DPC,SPQR)
 (/usr/local/texlive/2024/texmf-dist/tex/latex/graphics/trig.sty
Package: trig 2021/08/11 v1.11 sin cos tan (DPC)
) (/usr/local/texlive/2024/texmf-dist/tex/latex/graphics-cfg/graphics.cfg
File: graphics.cfg 2016/06/04 v1.11 sample graphics configuration
)
Package graphics Info: Driver file: pdftex.def on input line 107.
 (/usr/local/texlive/2024/texmf-dist/tex/latex/graphics-def/pdftex.def
File: pdftex.def 2022/09/22 v1.2b Graphics/color driver for pdftex
))
\Gin@req@height=\dimen162
\Gin@req@width=\dimen163
) (/usr/local/texlive/2024/texmf-dist/tex/latex/caption/subcaption.sty
Package: subcaption 2023/07/28 v1.6b Sub-captions (AR)
 (/usr/local/texlive/2024/texmf-dist/tex/latex/caption/caption.sty
Package: caption 2023/08/05 v3.6o Customizing captions (AR)
 (/usr/local/texlive/2024/texmf-dist/tex/latex/caption/caption3.sty
Package: caption3 2023/07/31 v2.4d caption3 kernel (AR)
\caption@tempdima=\dimen164
\captionmargin=\dimen165
\caption@leftmargin=\dimen166
\caption@rightmargin=\dimen167
\caption@width=\dimen168
\caption@indent=\dimen169
\caption@parindent=\dimen170
\caption@hangindent=\dimen171
Package caption Info: Standard document class detected.
)
\c@caption@flags=\count293
\c@continuedfloat=\count294
Package caption Info: float package is loaded.
Package caption Info: hyperref package is loaded.
)
Package caption Info: New subtype `subfigure' on input line 238.
\c@subfigure=\count295
Package caption Info: New subtype `subtable' on input line 238.
\c@subtable=\count296
) (/usr/local/texlive/2024/texmf-dist/tex/latex/svg/svg.sty
Package: svg 2020/11/26 v2.02k (include SVG pictures)
 (/usr/local/texlive/2024/texmf-dist/tex/latex/koma-script/scrbase.sty
Package: scrbase 2023/07/07 v3.41 KOMA-Script package (KOMA-Script-independent basics and keyval usage)
 (/usr/local/texlive/2024/texmf-dist/tex/latex/koma-script/scrlfile.sty
Package: scrlfile 2023/07/07 v3.41 KOMA-Script package (file load hooks)
 (/usr/local/texlive/2024/texmf-dist/tex/latex/koma-script/scrlfile-hook.sty
Package: scrlfile-hook 2023/07/07 v3.41 KOMA-Script package (using LaTeX hooks)
 (/usr/local/texlive/2024/texmf-dist/tex/latex/koma-script/scrlogo.sty
Package: scrlogo 2023/07/07 v3.41 KOMA-Script package (logo)
)))
Applying: [2021/05/01] Usage of raw or classic option list on input line 252.
Already applied: [0000/00/00] Usage of raw or classic option list on input line 368.
) (/usr/local/texlive/2024/texmf-dist/tex/latex/trimspaces/trimspaces.sty
Package: trimspaces 2009/09/17 v1.1 Trim spaces around a token list
) (/usr/local/texlive/2024/texmf-dist/tex/latex/tools/shellesc.sty
Package: shellesc 2023/07/08 v1.0d unified shell escape interface for LaTeX
Package shellesc Info: Restricted shell escape enabled on input line 77.
)
\c@svg@param@lastpage=\count297
\svg@box=\box55
\c@svg@param@currpage=\count298
) (/usr/local/texlive/2024/texmf-dist/tex/latex/xcolor/xcolor.sty
Package: xcolor 2023/11/15 v3.01 LaTeX color extensions (UK)
 (/usr/local/texlive/2024/texmf-dist/tex/latex/graphics-cfg/color.cfg
File: color.cfg 2016/01/02 v1.6 sample color configuration
)
Package xcolor Info: Driver file: pdftex.def on input line 274.
 (/usr/local/texlive/2024/texmf-dist/tex/latex/graphics/mathcolor.ltx)
Package xcolor Info: Model `cmy' substituted by `cmy0' on input line 1350.
Package xcolor Info: Model `hsb' substituted by `rgb' on input line 1354.
Package xcolor Info: Model `RGB' extended on input line 1366.
Package xcolor Info: Model `HTML' substituted by `rgb' on input line 1368.
Package xcolor Info: Model `Hsb' substituted by `hsb' on input line 1369.
Package xcolor Info: Model `tHsb' substituted by `hsb' on input line 1370.
Package xcolor Info: Model `HSB' substituted by `hsb' on input line 1371.
Package xcolor Info: Model `Gray' substituted by `gray' on input line 1372.
Package xcolor Info: Model `wave' substituted by `hsb' on input line 1373.
) (/usr/local/texlive/2024/texmf-dist/tex/latex/transparent/transparent.sty
Package: transparent 2022-10-27 v1.5 Transparency with color stacks
 (/usr/local/texlive/2024/texmf-dist/tex/latex/transparent/transparent-nometadata.sty
Package: transparent-nometadata 2022-10-27 v1.5 Transparency via pdfTeX's color stack (HO)
)) (/usr/local/texlive/2024/texmf-dist/tex/latex/pgf/systemlayer/pgfsys.sty (/usr/local/texlive/2024/texmf-dist/tex/latex/pgf/utilities/pgfrcs.sty (/usr/local/texlive/2024/texmf-dist/tex/generic/pgf/utilities/pgfutil-common.tex
\pgfutil@everybye=\toks29
\pgfutil@tempdima=\dimen172
\pgfutil@tempdimb=\dimen173
) (/usr/local/texlive/2024/texmf-dist/tex/generic/pgf/utilities/pgfutil-latex.def
\pgfutil@abb=\box56
) (/usr/local/texlive/2024/texmf-dist/tex/generic/pgf/utilities/pgfrcs.code.tex (/usr/local/texlive/2024/texmf-dist/tex/generic/pgf/pgf.revision.tex)
Package: pgfrcs 2023-01-15 v3.1.10 (3.1.10)
)) (/usr/local/texlive/2024/texmf-dist/tex/generic/pgf/systemlayer/pgfsys.code.tex
Package: pgfsys 2023-01-15 v3.1.10 (3.1.10)
 (/usr/local/texlive/2024/texmf-dist/tex/generic/pgf/utilities/pgfkeys.code.tex
\pgfkeys@pathtoks=\toks30
\pgfkeys@temptoks=\toks31
 (/usr/local/texlive/2024/texmf-dist/tex/generic/pgf/utilities/pgfkeyslibraryfiltered.code.tex
\pgfkeys@tmptoks=\toks32
))
\pgf@x=\dimen174
\pgf@y=\dimen175
\pgf@xa=\dimen176
\pgf@ya=\dimen177
\pgf@xb=\dimen178
\pgf@yb=\dimen179
\pgf@xc=\dimen180
\pgf@yc=\dimen181
\pgf@xd=\dimen182
\pgf@yd=\dimen183
\w@pgf@writea=\write3
\r@pgf@reada=\read2
\c@pgf@counta=\count299
\c@pgf@countb=\count300
\c@pgf@countc=\count301
\c@pgf@countd=\count302
\t@pgf@toka=\toks33
\t@pgf@tokb=\toks34
\t@pgf@tokc=\toks35
\pgf@sys@id@count=\count303
 (/usr/local/texlive/2024/texmf-dist/tex/generic/pgf/systemlayer/pgf.cfg
File: pgf.cfg 2023-01-15 v3.1.10 (3.1.10)
)
Driver file for pgf: pgfsys-pdftex.def
 (/usr/local/texlive/2024/texmf-dist/tex/generic/pgf/systemlayer/pgfsys-pdftex.def
File: pgfsys-pdftex.def 2023-01-15 v3.1.10 (3.1.10)
 (/usr/local/texlive/2024/texmf-dist/tex/generic/pgf/systemlayer/pgfsys-common-pdf.def
File: pgfsys-common-pdf.def 2023-01-15 v3.1.10 (3.1.10)
))) (/usr/local/texlive/2024/texmf-dist/tex/generic/pgf/systemlayer/pgfsyssoftpath.code.tex
File: pgfsyssoftpath.code.tex 2023-01-15 v3.1.10 (3.1.10)
\pgfsyssoftpath@smallbuffer@items=\count304
\pgfsyssoftpath@bigbuffer@items=\count305
) (/usr/local/texlive/2024/texmf-dist/tex/generic/pgf/systemlayer/pgfsysprotocol.code.tex
File: pgfsysprotocol.code.tex 2023-01-15 v3.1.10 (3.1.10)
)) (/usr/local/texlive/2024/texmf-dist/tex/latex/enumitem/enumitem.sty
Package: enumitem 2019/06/20 v3.9 Customized lists
\labelindent=\skip56
\enit@outerparindent=\dimen184
\enit@toks=\toks36
\enit@inbox=\box57
\enit@count@id=\count306
\enitdp@description=\count307
) (/usr/local/texlive/2024/texmf-dist/tex/latex/tcolorbox/tcolorbox.sty
Package: tcolorbox 2024/01/10 version 6.2.0 text color boxes
 (/usr/local/texlive/2024/texmf-dist/tex/latex/pgf/basiclayer/pgf.sty
Package: pgf 2023-01-15 v3.1.10 (3.1.10)
 (/usr/local/texlive/2024/texmf-dist/tex/latex/pgf/basiclayer/pgfcore.sty (/usr/local/texlive/2024/texmf-dist/tex/generic/pgf/basiclayer/pgfcore.code.tex
Package: pgfcore 2023-01-15 v3.1.10 (3.1.10)
 (/usr/local/texlive/2024/texmf-dist/tex/generic/pgf/math/pgfmath.code.tex (/usr/local/texlive/2024/texmf-dist/tex/generic/pgf/math/pgfmathutil.code.tex) (/usr/local/texlive/2024/texmf-dist/tex/generic/pgf/math/pgfmathparser.code.tex
\pgfmath@dimen=\dimen185
\pgfmath@count=\count308
\pgfmath@box=\box58
\pgfmath@toks=\toks37
\pgfmath@stack@operand=\toks38
\pgfmath@stack@operation=\toks39
) (/usr/local/texlive/2024/texmf-dist/tex/generic/pgf/math/pgfmathfunctions.code.tex) (/usr/local/texlive/2024/texmf-dist/tex/generic/pgf/math/pgfmathfunctions.basic.code.tex) (/usr/local/texlive/2024/texmf-dist/tex/generic/pgf/math/pgfmathfunctions.trigonometric.code.tex) (/usr/local/texlive/2024/texmf-dist/tex/generic/pgf/math/pgfmathfunctions.random.code.tex) (/usr/local/texlive/2024/texmf-dist/tex/generic/pgf/math/pgfmathfunctions.comparison.code.tex) (/usr/local/texlive/2024/texmf-dist/tex/generic/pgf/math/pgfmathfunctions.base.code.tex) (/usr/local/texlive/2024/texmf-dist/tex/generic/pgf/math/pgfmathfunctions.round.code.tex) (/usr/local/texlive/2024/texmf-dist/tex/generic/pgf/math/pgfmathfunctions.misc.code.tex) (/usr/local/texlive/2024/texmf-dist/tex/generic/pgf/math/pgfmathfunctions.integerarithmetics.code.tex) (/usr/local/texlive/2024/texmf-dist/tex/generic/pgf/math/pgfmathcalc.code.tex) (/usr/local/texlive/2024/texmf-dist/tex/generic/pgf/math/pgfmathfloat.code.tex
\c@pgfmathroundto@lastzeros=\count309
)) (/usr/local/texlive/2024/texmf-dist/tex/generic/pgf/math/pgfint.code.tex) (/usr/local/texlive/2024/texmf-dist/tex/generic/pgf/basiclayer/pgfcorepoints.code.tex
File: pgfcorepoints.code.tex 2023-01-15 v3.1.10 (3.1.10)
\pgf@picminx=\dimen186
\pgf@picmaxx=\dimen187
\pgf@picminy=\dimen188
\pgf@picmaxy=\dimen189
\pgf@pathminx=\dimen190
\pgf@pathmaxx=\dimen191
\pgf@pathminy=\dimen192
\pgf@pathmaxy=\dimen193
\pgf@xx=\dimen194
\pgf@xy=\dimen195
\pgf@yx=\dimen196
\pgf@yy=\dimen197
\pgf@zx=\dimen198
\pgf@zy=\dimen199
) (/usr/local/texlive/2024/texmf-dist/tex/generic/pgf/basiclayer/pgfcorepathconstruct.code.tex
File: pgfcorepathconstruct.code.tex 2023-01-15 v3.1.10 (3.1.10)
\pgf@path@lastx=\dimen256
\pgf@path@lasty=\dimen257
) (/usr/local/texlive/2024/texmf-dist/tex/generic/pgf/basiclayer/pgfcorepathusage.code.tex
File: pgfcorepathusage.code.tex 2023-01-15 v3.1.10 (3.1.10)
\pgf@shorten@end@additional=\dimen258
\pgf@shorten@start@additional=\dimen259
) (/usr/local/texlive/2024/texmf-dist/tex/generic/pgf/basiclayer/pgfcorescopes.code.tex
File: pgfcorescopes.code.tex 2023-01-15 v3.1.10 (3.1.10)
\pgfpic=\box59
\pgf@hbox=\box60
\pgf@layerbox@main=\box61
\pgf@picture@serial@count=\count310
) (/usr/local/texlive/2024/texmf-dist/tex/generic/pgf/basiclayer/pgfcoregraphicstate.code.tex
File: pgfcoregraphicstate.code.tex 2023-01-15 v3.1.10 (3.1.10)
\pgflinewidth=\dimen260
) (/usr/local/texlive/2024/texmf-dist/tex/generic/pgf/basiclayer/pgfcoretransformations.code.tex
File: pgfcoretransformations.code.tex 2023-01-15 v3.1.10 (3.1.10)
\pgf@pt@x=\dimen261
\pgf@pt@y=\dimen262
\pgf@pt@temp=\dimen263
) (/usr/local/texlive/2024/texmf-dist/tex/generic/pgf/basiclayer/pgfcorequick.code.tex
File: pgfcorequick.code.tex 2023-01-15 v3.1.10 (3.1.10)
) (/usr/local/texlive/2024/texmf-dist/tex/generic/pgf/basiclayer/pgfcoreobjects.code.tex
File: pgfcoreobjects.code.tex 2023-01-15 v3.1.10 (3.1.10)
) (/usr/local/texlive/2024/texmf-dist/tex/generic/pgf/basiclayer/pgfcorepathprocessing.code.tex
File: pgfcorepathprocessing.code.tex 2023-01-15 v3.1.10 (3.1.10)
) (/usr/local/texlive/2024/texmf-dist/tex/generic/pgf/basiclayer/pgfcorearrows.code.tex
File: pgfcorearrows.code.tex 2023-01-15 v3.1.10 (3.1.10)
\pgfarrowsep=\dimen264
) (/usr/local/texlive/2024/texmf-dist/tex/generic/pgf/basiclayer/pgfcoreshade.code.tex
File: pgfcoreshade.code.tex 2023-01-15 v3.1.10 (3.1.10)
\pgf@max=\dimen265
\pgf@sys@shading@range@num=\count311
\pgf@shadingcount=\count312
) (/usr/local/texlive/2024/texmf-dist/tex/generic/pgf/basiclayer/pgfcoreimage.code.tex
File: pgfcoreimage.code.tex 2023-01-15 v3.1.10 (3.1.10)
) (/usr/local/texlive/2024/texmf-dist/tex/generic/pgf/basiclayer/pgfcoreexternal.code.tex
File: pgfcoreexternal.code.tex 2023-01-15 v3.1.10 (3.1.10)
\pgfexternal@startupbox=\box62
) (/usr/local/texlive/2024/texmf-dist/tex/generic/pgf/basiclayer/pgfcorelayers.code.tex
File: pgfcorelayers.code.tex 2023-01-15 v3.1.10 (3.1.10)
) (/usr/local/texlive/2024/texmf-dist/tex/generic/pgf/basiclayer/pgfcoretransparency.code.tex
File: pgfcoretransparency.code.tex 2023-01-15 v3.1.10 (3.1.10)
) (/usr/local/texlive/2024/texmf-dist/tex/generic/pgf/basiclayer/pgfcorepatterns.code.tex
File: pgfcorepatterns.code.tex 2023-01-15 v3.1.10 (3.1.10)
) (/usr/local/texlive/2024/texmf-dist/tex/generic/pgf/basiclayer/pgfcorerdf.code.tex
File: pgfcorerdf.code.tex 2023-01-15 v3.1.10 (3.1.10)
))) (/usr/local/texlive/2024/texmf-dist/tex/generic/pgf/modules/pgfmoduleshapes.code.tex
File: pgfmoduleshapes.code.tex 2023-01-15 v3.1.10 (3.1.10)
\pgfnodeparttextbox=\box63
) (/usr/local/texlive/2024/texmf-dist/tex/generic/pgf/modules/pgfmoduleplot.code.tex
File: pgfmoduleplot.code.tex 2023-01-15 v3.1.10 (3.1.10)
) (/usr/local/texlive/2024/texmf-dist/tex/latex/pgf/compatibility/pgfcomp-version-0-65.sty
Package: pgfcomp-version-0-65 2023-01-15 v3.1.10 (3.1.10)
\pgf@nodesepstart=\dimen266
\pgf@nodesepend=\dimen267
) (/usr/local/texlive/2024/texmf-dist/tex/latex/pgf/compatibility/pgfcomp-version-1-18.sty
Package: pgfcomp-version-1-18 2023-01-15 v3.1.10 (3.1.10)
)) (/usr/local/texlive/2024/texmf-dist/tex/latex/tools/verbatim.sty
Package: verbatim 2023-11-06 v1.5v LaTeX2e package for verbatim enhancements
\every@verbatim=\toks40
\verbatim@line=\toks41
\verbatim@in@stream=\read3
) (/usr/local/texlive/2024/texmf-dist/tex/latex/environ/environ.sty
Package: environ 2014/05/04 v0.3 A new way to define environments
)
\tcb@titlebox=\box64
\tcb@upperbox=\box65
\tcb@lowerbox=\box66
\tcb@phantombox=\box67
\c@tcbbreakpart=\count313
\c@tcblayer=\count314
\c@tcolorbox@number=\count315
\l__tcobox_tmpa_box=\box68
\l__tcobox_tmpa_dim=\dimen268
\tcb@temp=\box69
\tcb@temp=\box70
\tcb@temp=\box71
\tcb@temp=\box72
) (/usr/local/texlive/2024/texmf-dist/tex/latex/algorithm2e/algorithm2e.sty
Package: algorithm2e 2017/07/18 v5.2 algorithms environments
\c@AlgoLine=\count316
 (/usr/local/texlive/2024/texmf-dist/tex/latex/base/ifthen.sty
Package: ifthen 2022/04/13 v1.1d Standard LaTeX ifthen package (DPC)
)
\algocf@hangindent=\skip57
 (/usr/local/texlive/2024/texmf-dist/tex/latex/ifoddpage/ifoddpage.sty
Package: ifoddpage 2022/10/18 v1.2 Conditionals for odd/even page detection
\c@checkoddpage=\count317
) (/usr/local/texlive/2024/texmf-dist/tex/latex/tools/xspace.sty
Package: xspace 2014/10/28 v1.13 Space after command names (DPC,MH)
) (/usr/local/texlive/2024/texmf-dist/tex/latex/relsize/relsize.sty
Package: relsize 2013/03/29 ver 4.1
)
\skiptotal=\skip58
\skiplinenumber=\skip59
\skiprule=\skip60
\skiphlne=\skip61
\skiptext=\skip62
\skiplength=\skip63
\algomargin=\skip64
\skipalgocfslide=\skip65
\algowidth=\dimen269
\inoutsize=\dimen270
\inoutindent=\dimen271
\interspacetitleruled=\dimen272
\interspacealgoruled=\dimen273
\interspacetitleboxruled=\dimen274
\algocf@ruledwidth=\skip66
\algocf@inoutbox=\box73
\algocf@inputbox=\box74
\AlCapSkip=\skip67
\AlCapHSkip=\skip68
\algoskipindent=\skip69
\algocf@nlbox=\box75
\algocf@hangingbox=\box76
\algocf@untilbox=\box77
\algocf@skipuntil=\skip70
\algocf@capbox=\box78
\algocf@lcaptionbox=\skip71
\algoheightruledefault=\skip72
\algoheightrule=\skip73
\algotitleheightruledefault=\skip74
\algotitleheightrule=\skip75
\c@algocfline=\count318
\c@algocfproc=\count319
\c@algocf=\count320
\algocf@algoframe=\box79
\algocf@algobox=\box80
)
\c@example=\count321
) (/usr/local/texlive/2024/texmf-dist/tex/latex/l3backend/l3backend-pdftex.def
File: l3backend-pdftex.def 2024-02-20 L3 backend support: PDF output (pdfTeX)
\l__color_backend_stack_int=\count322
\l__pdf_internal_box=\box81
) (./ml_explainers.aux)
\openout1 = `ml_explainers.aux'.

LaTeX Font Info:    Checking defaults for OML/cmm/m/it on input line 4.
LaTeX Font Info:    ... okay on input line 4.
LaTeX Font Info:    Checking defaults for OMS/cmsy/m/n on input line 4.
LaTeX Font Info:    ... okay on input line 4.
LaTeX Font Info:    Checking defaults for OT1/cmr/m/n on input line 4.
LaTeX Font Info:    ... okay on input line 4.
LaTeX Font Info:    Checking defaults for T1/cmr/m/n on input line 4.
LaTeX Font Info:    ... okay on input line 4.
LaTeX Font Info:    Checking defaults for TS1/cmr/m/n on input line 4.
LaTeX Font Info:    ... okay on input line 4.
LaTeX Font Info:    Checking defaults for OMX/cmex/m/n on input line 4.
LaTeX Font Info:    ... okay on input line 4.
LaTeX Font Info:    Checking defaults for U/cmr/m/n on input line 4.
LaTeX Font Info:    ... okay on input line 4.
LaTeX Font Info:    Checking defaults for PD1/pdf/m/n on input line 4.
LaTeX Font Info:    ... okay on input line 4.
LaTeX Font Info:    Checking defaults for PU/pdf/m/n on input line 4.
LaTeX Font Info:    ... okay on input line 4.
Package hyperref Info: Link coloring OFF on input line 4.
 (./ml_explainers.out) (./ml_explainers.out)
\@outlinefile=\write4
\openout4 = `ml_explainers.out'.


*geometry* driver: auto-detecting
*geometry* detected driver: pdftex
*geometry* verbose mode - [ preamble ] result:
* pass: disregarded the geometry package!
* \paperwidth=397.485pt
* \paperheight=592.61377pt
* \textwidth=360.0pt
* \textheight=541.40024pt
* \oddsidemargin=54.0pt
* \evensidemargin=55.0pt
* \topmargin=21.0pt
* \headheight=12.0pt
* \headsep=25.0pt
* \topskip=11.0pt
* \footskip=30.0pt
* \marginparwidth=59.0pt
* \marginparsep=10.0pt
* \columnsep=10.0pt
* \skip\footins=10.0pt plus 4.0pt minus 2.0pt
* \hoffset=-108.405pt
* \voffset=-116.1781pt
* \mag=1000
* \@twocolumnfalse
* \@twosidefalse
* \@mparswitchfalse
* \@reversemarginfalse
* (1in=72.27pt=25.4mm, 1cm=28.453pt)

(/usr/local/texlive/2024/texmf-dist/tex/context/base/mkii/supp-pdf.mkii
[Loading MPS to PDF converter (version 2006.09.02).]
\scratchcounter=\count323
\scratchdimen=\dimen275
\scratchbox=\box82
\nofMPsegments=\count324
\nofMParguments=\count325
\everyMPshowfont=\toks42
\MPscratchCnt=\count326
\MPscratchDim=\dimen276
\MPnumerator=\count327
\makeMPintoPDFobject=\count328
\everyMPtoPDFconversion=\toks43
) (/usr/local/texlive/2024/texmf-dist/tex/latex/epstopdf-pkg/epstopdf-base.sty
Package: epstopdf-base 2020-01-24 v2.11 Base part for package epstopdf
Package epstopdf-base Info: Redefining graphics rule for `.eps' on input line 485.
 (/usr/local/texlive/2024/texmf-dist/tex/latex/latexconfig/epstopdf-sys.cfg
File: epstopdf-sys.cfg 2010/07/13 v1.3 Configuration of (r)epstopdf for TeX Live
))
Package caption Info: Begin \AtBeginDocument code.
Package caption Info: End \AtBeginDocument code.
 (./ml_explainers.toc
LaTeX Font Info:    Trying to load font information for U+msa on input line 3.
 (/usr/local/texlive/2024/texmf-dist/tex/latex/amsfonts/umsa.fd
File: umsa.fd 2013/01/14 v3.01 AMS symbols A
)
LaTeX Font Info:    Trying to load font information for U+msb on input line 3.
 (/usr/local/texlive/2024/texmf-dist/tex/latex/amsfonts/umsb.fd
File: umsb.fd 2013/01/14 v3.01 AMS symbols B
))
\tf@toc=\write5
\openout5 = `ml_explainers.toc'.

 [0

{/usr/local/texlive/2024/texmf-var/fonts/map/pdftex/updmap/pdftex.map}] [1] [2] [3] [4] [5] [6] [7] [8]
Overfull \hbox (3.29895pt too wide) in paragraph at lines 377--379
\OT1/cmr/m/n/10.95 where $\OML/cmm/m/it/10.95 ^^R \OT1/cmr/m/n/10.95 = (\OML/cmm/m/it/10.95 ^^R[]; [] ; ^^R[]\OT1/cmr/m/n/10.95 )$ are the hy-per-plane's co-ef-fi-cients and $\OT1/cmr/bx/n/10.95 x \OT1/cmr/m/n/10.95 = (1\OML/cmm/m/it/10.95 ; x[]; [] ; x[]\OT1/cmr/m/n/10.95 )$
 []

[9]
LaTeX Font Info:    Trying to load font information for U+bbm on input line 394.
 (/usr/local/texlive/2024/texmf-dist/tex/latex/bbm-macros/ubbm.fd
File: ubbm.fd 1999/03/15 V 1.2 Font definition for bbm font - TH
)
Overfull \hbox (1.44785pt too wide) detected at line 428
[]
 []

[10] [11]

pdfTeX warning: pdflatex (file ./figures/supervised_learning/SVMs/SVM_hard_margin.pdf): PDF inclusion: found PDF version <1.7>, but at most version <1.5> allowed
<./figures/supervised_learning/SVMs/SVM_hard_margin.pdf, id=150, 571.33452pt x 551.96214pt>
File: ./figures/supervised_learning/SVMs/SVM_hard_margin.pdf Graphic file (type pdf)
<use ./figures/supervised_learning/SVMs/SVM_hard_margin.pdf>
Package pdftex.def Info: ./figures/supervised_learning/SVMs/SVM_hard_margin.pdf  used on input line 451.
(pdftex.def)             Requested size: 270.0pt x 260.85402pt.
[12] [13 <./figures/supervised_learning/SVMs/SVM_hard_margin.pdf>]

pdfTeX warning: pdflatex (file ./figures/supervised_learning/SVMs/SVM_soft_margin.pdf): PDF inclusion: found PDF version <1.7>, but at most version <1.5> allowed
<./figures/supervised_learning/SVMs/SVM_soft_margin.pdf, id=208, 571.33452pt x 551.96214pt>
File: ./figures/supervised_learning/SVMs/SVM_soft_margin.pdf Graphic file (type pdf)
<use ./figures/supervised_learning/SVMs/SVM_soft_margin.pdf>
Package pdftex.def Info: ./figures/supervised_learning/SVMs/SVM_soft_margin.pdf  used on input line 500.
(pdftex.def)             Requested size: 270.0pt x 260.85402pt.
<./figures/supervised_learning/SVMs/SVM_non_linear.pdf, id=210, 165.61874pt x 75.28125pt>
File: ./figures/supervised_learning/SVMs/SVM_non_linear.pdf Graphic file (type pdf)
<use ./figures/supervised_learning/SVMs/SVM_non_linear.pdf>
Package pdftex.def Info: ./figures/supervised_learning/SVMs/SVM_non_linear.pdf  used on input line 516.
(pdftex.def)             Requested size: 270.0pt x 122.74524pt.
[14]
Overfull \hbox (6.36772pt too wide) detected at line 528
[] [] []\OT1/cmr/m/n/10.95 0 \OMS/cmsy/m/n/10.95 ^^T \OML/cmm/m/it/10.95 [] \OMS/cmsy/m/n/10.95 ^^T \OML/cmm/m/it/10.95 ^^U; [] [] []y[] \OT1/cmr/m/n/10.95 = 0
 []

[15 <./figures/supervised_learning/SVMs/SVM_soft_margin.pdf>] [16 <./figures/supervised_learning/SVMs/SVM_non_linear.pdf>]
<./figures/supervised_learning/laplace_pdf.png, id=289, 803.0pt x 803.0pt>
File: ./figures/supervised_learning/laplace_pdf.png Graphic file (type png)
<use ./figures/supervised_learning/laplace_pdf.png>
Package pdftex.def Info: ./figures/supervised_learning/laplace_pdf.png  used on input line 567.
(pdftex.def)             Requested size: 180.0pt x 179.9933pt.
 [17] [18 <./figures/supervised_learning/laplace_pdf.png>]
Overfull \hbox (4.947pt too wide) detected at line 620
[]
 []

[19] [20]
<./figures/supervised_learning/bias_variance.png, id=314, 1137.24875pt x 682.55pt>
File: ./figures/supervised_learning/bias_variance.png Graphic file (type png)
<use ./figures/supervised_learning/bias_variance.png>
Package pdftex.def Info: ./figures/supervised_learning/bias_variance.png  used on input line 705.
(pdftex.def)             Requested size: 360.0pt x 216.0667pt.
 [21] [22 <./figures/supervised_learning/bias_variance.png>]
<./figures/supervised_learning/double_descent.png, id=327, 1206.5075pt x 485.815pt>
File: ./figures/supervised_learning/double_descent.png Graphic file (type png)
<use ./figures/supervised_learning/double_descent.png>
Package pdftex.def Info: ./figures/supervised_learning/double_descent.png  used on input line 729.
(pdftex.def)             Requested size: 360.0pt x 144.95244pt.
 [23] [24 <./figures/supervised_learning/double_descent.png>]
<./figures/gradient_descent/loss_landscape.png, id=348, 1012.78375pt x 572.1375pt>
File: ./figures/gradient_descent/loss_landscape.png Graphic file (type png)
<use ./figures/gradient_descent/loss_landscape.png>
Package pdftex.def Info: ./figures/gradient_descent/loss_landscape.png  used on input line 779.
(pdftex.def)             Requested size: 270.0pt x 152.52364pt.
 [25] [26 <./figures/gradient_descent/loss_landscape.png>] [27]
<./figures/gradient_descent/gradient_descent_types.png, id=366, 1144.275pt x 328.22626pt>
File: ./figures/gradient_descent/gradient_descent_types.png Graphic file (type png)
<use ./figures/gradient_descent/gradient_descent_types.png>
Package pdftex.def Info: ./figures/gradient_descent/gradient_descent_types.png  used on input line 853.
(pdftex.def)             Requested size: 360.0pt x 103.2616pt.
 [28 <./figures/gradient_descent/gradient_descent_types.png>] [29] [30]
<./figures/gradient_descent/momentum.png, id=390, 150.5625pt x 57.71562pt>
File: ./figures/gradient_descent/momentum.png Graphic file (type png)
<use ./figures/gradient_descent/momentum.png>
Package pdftex.def Info: ./figures/gradient_descent/momentum.png  used on input line 940.
(pdftex.def)             Requested size: 360.0pt x 138.028pt.
 [31 <./figures/gradient_descent/momentum.png>]
Overfull \hbox (3.04362pt too wide) in paragraph at lines 980--981
\OT1/cmr/m/n/10.95 other learn-ing rates. For a more so-phis-ti-cated ex-am-ple, con-sider architecture-
 []

[32] [33]
<./figures/neural_nets/MLP_1.pdf, id=417, 307.63333pt x 180.23235pt>
File: ./figures/neural_nets/MLP_1.pdf Graphic file (type pdf)
<use ./figures/neural_nets/MLP_1.pdf>
Package pdftex.def Info: ./figures/neural_nets/MLP_1.pdf  used on input line 1045.
(pdftex.def)             Requested size: 360.0pt x 210.915pt.
 [34{/usr/local/texlive/2024/texmf-dist/fonts/enc/dvips/cm-super/cm-super-ts1.enc}] [35 <./figures/neural_nets/MLP_1.pdf>]
<./figures/neural_nets/MLP_2.pdf, id=460, 182.44159pt x 81.28468pt>
File: ./figures/neural_nets/MLP_2.pdf Graphic file (type pdf)
<use ./figures/neural_nets/MLP_2.pdf>
Package pdftex.def Info: ./figures/neural_nets/MLP_2.pdf  used on input line 1117.
(pdftex.def)             Requested size: 182.44113pt x 81.28447pt.
 [36 <./figures/neural_nets/MLP_2.pdf>] [37] [38] [39] [40] [41] [42]
Underfull \hbox (badness 10000) in paragraph at lines 1369--1371

 []

[43]
Overfull \hbox (8.10112pt too wide) detected at line 1404
[][] \OML/cmm/m/it/10.95 ^^N[] \OT1/cmr/m/n/10.95 = [] [] = [] \OML/cmm/m/it/10.95 ^^N[] []
 []

[44]

pdfTeX warning: pdflatex (file ./figures/neural_nets/CNN_frog.pdf): PDF inclusion: found PDF version <1.7>, but at most version <1.5> allowed
<./figures/neural_nets/CNN_frog.pdf, id=529, 2540.49126pt x 501.37312pt>
File: ./figures/neural_nets/CNN_frog.pdf Graphic file (type pdf)
<use ./figures/neural_nets/CNN_frog.pdf>
Package pdftex.def Info: ./figures/neural_nets/CNN_frog.pdf  used on input line 1485.
(pdftex.def)             Requested size: 360.0pt x 71.04094pt.
[45]
<./figures/neural_nets/CNN_convolution.png, id=536, 1405.25pt x 547.04375pt>
File: ./figures/neural_nets/CNN_convolution.png Graphic file (type png)
<use ./figures/neural_nets/CNN_convolution.png>
Package pdftex.def Info: ./figures/neural_nets/CNN_convolution.png  used on input line 1505.
(pdftex.def)             Requested size: 360.0pt x 140.1412pt.
<./figures/neural_nets/CNN_pooling.pdf, id=539, 505.89pt x 164.28377pt>
File: ./figures/neural_nets/CNN_pooling.pdf Graphic file (type pdf)
<use ./figures/neural_nets/CNN_pooling.pdf>
Package pdftex.def Info: ./figures/neural_nets/CNN_pooling.pdf  used on input line 1517.
(pdftex.def)             Requested size: 360.0pt x 116.90799pt.
 [46 <./figures/neural_nets/CNN_frog.pdf>] [47 <./figures/neural_nets/CNN_convolution.png> <./figures/neural_nets/CNN_pooling.pdf>] [48]
<./figures/neural_nets/REG_early_stopping.pdf, id=643, 462.52798pt x 346.89601pt>
File: ./figures/neural_nets/REG_early_stopping.pdf Graphic file (type pdf)
<use ./figures/neural_nets/REG_early_stopping.pdf>
Package pdftex.def Info: ./figures/neural_nets/REG_early_stopping.pdf  used on input line 1591.
(pdftex.def)             Requested size: 270.0pt x 202.50723pt.
 [49 <./figures/neural_nets/REG_early_stopping.pdf>]
<./figures/neural_nets/REG_dropout.png, id=688, 1405.25pt x 759.83875pt>
File: ./figures/neural_nets/REG_dropout.png Graphic file (type png)
<use ./figures/neural_nets/REG_dropout.png>
Package pdftex.def Info: ./figures/neural_nets/REG_dropout.png  used on input line 1603.
(pdftex.def)             Requested size: 270.0pt x 145.99405pt.
<./figures/neural_nets/NLA_xor.png, id=690, 152.57pt x 151.56625pt>
File: ./figures/neural_nets/NLA_xor.png Graphic file (type png)
<use ./figures/neural_nets/NLA_xor.png>
Package pdftex.def Info: ./figures/neural_nets/NLA_xor.png  used on input line 1615.
(pdftex.def)             Requested size: 143.9978pt x 143.05508pt.
<./figures/neural_nets/NLA_circle.png, id=691, 803.0pt x 803.0pt>
File: ./figures/neural_nets/NLA_circle.png Graphic file (type png)
<use ./figures/neural_nets/NLA_circle.png>
Package pdftex.def Info: ./figures/neural_nets/NLA_circle.png  used on input line 1617.
(pdftex.def)             Requested size: 143.9978pt x 143.99464pt.
<./figures/neural_nets//NLA_non_lin_transform.png, id=693, 809.0225pt x 783.92876pt>
File: ./figures/neural_nets//NLA_non_lin_transform.png Graphic file (type png)
<use ./figures/neural_nets//NLA_non_lin_transform.png>
Package pdftex.def Info: ./figures/neural_nets//NLA_non_lin_transform.png  used on input line 1626.
(pdftex.def)             Requested size: 143.9978pt x 139.52213pt.
 [50 <./figures/neural_nets/REG_dropout.png>] [51 <./figures/neural_nets/NLA_xor.png> <./figures/neural_nets/NLA_circle.png> <./figures/neural_nets//NLA_non_lin_transform.png>]
Overfull \hbox (123.19453pt too wide) in paragraph at lines 1659--1659
[][][]$\OT1/cmtt/m/n/9 https : / / ai . stackexchange . com / questions / 27407 / what-[]does-[]statistical-[]efficiency-[]mean-[]in-[]this-[]context$[]| 
 []

[52] [53]
<./figures/neural_nets/AE_autoencoder.pdf, id=722, 333.59631pt x 232.56184pt>
File: ./figures/neural_nets/AE_autoencoder.pdf Graphic file (type pdf)
<use ./figures/neural_nets/AE_autoencoder.pdf>
Package pdftex.def Info: ./figures/neural_nets/AE_autoencoder.pdf  used on input line 1690.
(pdftex.def)             Requested size: 333.59549pt x 232.56126pt.
 [54 <./figures/neural_nets/AE_autoencoder.pdf>]
<./figures/generative_models/AE_gen_1.png, id=774, 1307.88625pt x 943.525pt>
File: ./figures/generative_models/AE_gen_1.png Graphic file (type png)
<use ./figures/generative_models/AE_gen_1.png>
Package pdftex.def Info: ./figures/generative_models/AE_gen_1.png  used on input line 1717.
(pdftex.def)             Requested size: 216.0022pt x 155.81888pt.
 [55]
<./figures/generative_models/AE_gen_2.png, id=782, 1607.00375pt x 795.97375pt>
File: ./figures/generative_models/AE_gen_2.png Graphic file (type png)
<use ./figures/generative_models/AE_gen_2.png>
Package pdftex.def Info: ./figures/generative_models/AE_gen_2.png  used on input line 1728.
(pdftex.def)             Requested size: 270.0pt x 133.73482pt.
 [56 <./figures/generative_models/AE_gen_1.png> <./figures/generative_models/AE_gen_2.png>]
<figures/generative_models/VAE_encoder.pdf, id=791, 189.94765pt x 192.72803pt>
File: figures/generative_models/VAE_encoder.pdf Graphic file (type pdf)
<use figures/generative_models/VAE_encoder.pdf>
Package pdftex.def Info: figures/generative_models/VAE_encoder.pdf  used on input line 1756.
(pdftex.def)             Requested size: 165.60242pt x 168.03372pt.
<figures/generative_models/VAE_decoder.pdf, id=792, 191.93405pt x 192.72803pt>
File: figures/generative_models/VAE_decoder.pdf Graphic file (type pdf)
<use figures/generative_models/VAE_decoder.pdf>
Package pdftex.def Info: figures/generative_models/VAE_decoder.pdf  used on input line 1758.
(pdftex.def)             Requested size: 165.60242pt x 166.29572pt.
 [57] [58 <./figures/generative_models/VAE_encoder.pdf> <./figures/generative_models/VAE_decoder.pdf>] [59] [60]

pdfTeX warning: pdflatex (file ./figures/generative_models/diffusion_process.pdf): PDF inclusion: found PDF version <1.7>, but at most version <1.5> allowed
<./figures/generative_models/diffusion_process.pdf, id=893, 2707.11375pt x 757.9316pt>
File: ./figures/generative_models/diffusion_process.pdf Graphic file (type pdf)
<use ./figures/generative_models/diffusion_process.pdf>
Package pdftex.def Info: ./figures/generative_models/diffusion_process.pdf  used on input line 1855.
(pdftex.def)             Requested size: 304.84697pt x 85.35826pt.
[61 <./figures/generative_models/diffusion_process.pdf>] [62]
<./figures/generative_models/unet.png, id=951, 1405.25pt x 706.64pt>
File: ./figures/generative_models/unet.png Graphic file (type png)
<use ./figures/generative_models/unet.png>
Package pdftex.def Info: ./figures/generative_models/unet.png  used on input line 1883.
(pdftex.def)             Requested size: 360.0pt x 181.02646pt.
 [63 <./figures/generative_models/unet.png>] [64] [65] [66] [67] [68] [69] [70]
Overfull \hbox (21.722pt too wide) in paragraph at lines 2152--2152
[]\OT1/cmr/bx/n/10.95 Distribution fit-ting via max-i-mum like-li-hood es-ti-ma-tion []TODO:
 []

[71] [72] [73] [74] (./ml_explainers.aux)
 ***********
LaTeX2e <2023-11-01> patch level 1
L3 programming layer <2024-02-20>
 ***********
Package rerunfilecheck Info: File `ml_explainers.out' has not changed.
(rerunfilecheck)             Checksum: D41D8CD98F00B204E9800998ECF8427E;0.
 ) 
Here is how much of TeX's memory you used:
 24514 strings out of 474116
 462328 string characters out of 5743682
 1944187 words of memory out of 5000000
 46249 multiletter control sequences out of 15000+600000
 572338 words of font info for 92 fonts, out of 8000000 for 9000
 1141 hyphenation exceptions out of 8191
 99i,20n,96p,1873b,584s stack positions out of 10000i,1000n,20000p,200000b,200000s

pdfTeX warning (dest): name{Hfootnote.9} has been referenced but does not exist, replaced by a fixed one


pdfTeX warning (dest): name{Hfootnote.8} has been referenced but does not exist, replaced by a fixed one


pdfTeX warning (dest): name{Hfootnote.7} has been referenced but does not exist, replaced by a fixed one


pdfTeX warning (dest): name{Hfootnote.6} has been referenced but does not exist, replaced by a fixed one


pdfTeX warning (dest): name{Hfootnote.5} has been referenced but does not exist, replaced by a fixed one


pdfTeX warning (dest): name{Hfootnote.4} has been referenced but does not exist, replaced by a fixed one


pdfTeX warning (dest): name{Hfootnote.3} has been referenced but does not exist, replaced by a fixed one


pdfTeX warning (dest): name{Hfootnote.2} has been referenced but does not exist, replaced by a fixed one


pdfTeX warning (dest): name{Hfootnote.1} has been referenced but does not exist, replaced by a fixed one

 </Users/dewibatista/Library/texlive/2024/texmf-var/fonts/pk/ljfour/public/bbm/bbm10.657pk></usr/local/texlive/2024/texmf-dist/fonts/type1/public/amsfonts/cm/cmbx10.pfb></usr/local/texlive/2024/texmf-dist/fonts/type1/public/amsfonts/cm/cmbx12.pfb></usr/local/texlive/2024/texmf-dist/fonts/type1/public/amsfonts/cm/cmbx7.pfb></usr/local/texlive/2024/texmf-dist/fonts/type1/public/amsfonts/cm/cmbx8.pfb></usr/local/texlive/2024/texmf-dist/fonts/type1/public/amsfonts/cm/cmex10.pfb></usr/local/texlive/2024/texmf-dist/fonts/type1/public/amsfonts/cmextra/cmex8.pfb></usr/local/texlive/2024/texmf-dist/fonts/type1/public/amsfonts/cm/cmmi10.pfb></usr/local/texlive/2024/texmf-dist/fonts/type1/public/amsfonts/cm/cmmi12.pfb></usr/local/texlive/2024/texmf-dist/fonts/type1/public/amsfonts/cm/cmmi6.pfb></usr/local/texlive/2024/texmf-dist/fonts/type1/public/amsfonts/cm/cmmi7.pfb></usr/local/texlive/2024/texmf-dist/fonts/type1/public/amsfonts/cm/cmmi8.pfb></usr/local/texlive/2024/texmf-dist/fonts/type1/public/amsfonts/cm/cmr10.pfb></usr/local/texlive/2024/texmf-dist/fonts/type1/public/amsfonts/cm/cmr5.pfb></usr/local/texlive/2024/texmf-dist/fonts/type1/public/amsfonts/cm/cmr6.pfb></usr/local/texlive/2024/texmf-dist/fonts/type1/public/amsfonts/cm/cmr7.pfb></usr/local/texlive/2024/texmf-dist/fonts/type1/public/amsfonts/cm/cmr8.pfb></usr/local/texlive/2024/texmf-dist/fonts/type1/public/amsfonts/cm/cmsy10.pfb></usr/local/texlive/2024/texmf-dist/fonts/type1/public/amsfonts/cm/cmsy6.pfb></usr/local/texlive/2024/texmf-dist/fonts/type1/public/amsfonts/cm/cmsy7.pfb></usr/local/texlive/2024/texmf-dist/fonts/type1/public/amsfonts/cm/cmsy8.pfb></usr/local/texlive/2024/texmf-dist/fonts/type1/public/amsfonts/cm/cmti10.pfb></usr/local/texlive/2024/texmf-dist/fonts/type1/public/amsfonts/cm/cmti7.pfb></usr/local/texlive/2024/texmf-dist/fonts/type1/public/amsfonts/cm/cmti8.pfb></usr/local/texlive/2024/texmf-dist/fonts/type1/public/amsfonts/cm/cmtt10.pfb></usr/local/texlive/2024/texmf-dist/fonts/type1/public/amsfonts/cm/cmtt9.pfb></usr/local/texlive/2024/texmf-dist/fonts/type1/public/amsfonts/symbols/msbm10.pfb></usr/local/texlive/2024/texmf-dist/fonts/type1/public/cm-super/sfrm1095.pfb>
Output written on ml_explainers.pdf (75 pages, 3120397 bytes).
PDF statistics:
 1181 PDF objects out of 1200 (max. 8388607)
 920 compressed objects within 10 object streams
 219 named destinations out of 1000 (max. 500000)
 143 words of extra memory for PDF output out of 10000 (max. 10000000)

